Using pre-set license
Built from '2021.3/staging' branch; Version is '2021.3.45f1 (0da89fac8e79) revision 895135'; Using compiler version '192829333'; Build Type 'Release'
OS: 'Windows 11  (10.0.26100) 64bit Professional' Language: 'en' Physical Memory: 32306 MB
BatchMode: 1, IsHumanControllingUs: 0, StartBugReporterOnCrash: 0, Is64bit: 1, IsPro: 1

COMMAND LINE ARGUMENTS:
C:\Program Files\Unity\Hub\Editor\2021.3.45f1\Editor\Unity.exe
-adb2
-batchMode
-noUpm
-name
AssetImportWorker0
-projectPath
C:/Users/mario/source/repos/GameDev/OperationExoQuest/OperationExoQuest
-logFile
Logs/AssetImportWorker0.log
-srvPort
56498
Successfully changed project path to: C:/Users/mario/source/repos/GameDev/OperationExoQuest/OperationExoQuest
C:/Users/mario/source/repos/GameDev/OperationExoQuest/OperationExoQuest
[UnityMemory] Configuration Parameters - Can be set up in boot.config
    "memorysetup-bucket-allocator-granularity=16"
    "memorysetup-bucket-allocator-bucket-count=8"
    "memorysetup-bucket-allocator-block-size=33554432"
    "memorysetup-bucket-allocator-block-count=8"
    "memorysetup-main-allocator-block-size=16777216"
    "memorysetup-thread-allocator-block-size=16777216"
    "memorysetup-gfx-main-allocator-block-size=16777216"
    "memorysetup-gfx-thread-allocator-block-size=16777216"
    "memorysetup-cache-allocator-block-size=4194304"
    "memorysetup-typetree-allocator-block-size=2097152"
    "memorysetup-profiler-bucket-allocator-granularity=16"
    "memorysetup-profiler-bucket-allocator-bucket-count=8"
    "memorysetup-profiler-bucket-allocator-block-size=33554432"
    "memorysetup-profiler-bucket-allocator-block-count=8"
    "memorysetup-profiler-allocator-block-size=16777216"
    "memorysetup-profiler-editor-allocator-block-size=1048576"
    "memorysetup-temp-allocator-size-main=16777216"
    "memorysetup-job-temp-allocator-block-size=2097152"
    "memorysetup-job-temp-allocator-block-size-background=1048576"
    "memorysetup-job-temp-allocator-reduction-small-platforms=262144"
    "memorysetup-temp-allocator-size-background-worker=32768"
    "memorysetup-temp-allocator-size-job-worker=262144"
    "memorysetup-temp-allocator-size-preload-manager=33554432"
    "memorysetup-temp-allocator-size-nav-mesh-worker=65536"
    "memorysetup-temp-allocator-size-audio-worker=65536"
    "memorysetup-temp-allocator-size-cloud-worker=32768"
    "memorysetup-temp-allocator-size-gi-baking-worker=262144"
    "memorysetup-temp-allocator-size-gfx=262144"
Player connection [31064] Host "[IP] 192.168.100.110 [Port] 0 [Flags] 2 [Guid] 989925092 [EditorId] 989925092 [Version] 1048832 [Id] WindowsEditor(7,DESKTOP-QHJK815) [Debug] 1 [PackageName] WindowsEditor [ProjectName] Editor" joined multi-casting on [225.0.0.222:54997]...

Player connection [31064] Host "[IP] 192.168.100.110 [Port] 0 [Flags] 2 [Guid] 989925092 [EditorId] 989925092 [Version] 1048832 [Id] WindowsEditor(7,DESKTOP-QHJK815) [Debug] 1 [PackageName] WindowsEditor [ProjectName] Editor" joined alternative multi-casting on [225.0.0.222:34997]...

[Physics::Module] Initialized MultithreadedJobDispatcher with {0} workers.
Refreshing native plugins compatible for Editor in 31.85 ms, found 3 plugins.
Preloading 0 native plugins for Editor in 0.00 ms.
Initialize engine version: 2021.3.45f1 (0da89fac8e79)
[Subsystems] Discovering subsystems at path C:/Program Files/Unity/Hub/Editor/2021.3.45f1/Editor/Data/Resources/UnitySubsystems
[Subsystems] Discovering subsystems at path C:/Users/mario/source/repos/GameDev/OperationExoQuest/OperationExoQuest/Assets
GfxDevice: creating device client; threaded=0; jobified=0
Direct3D:
    Version:  Direct3D 11.0 [level 11.1]
    Renderer: Intel(R) Arc(TM) Graphics (ID=0x7d55)
    Vendor:   Intel
    VRAM:     18414 MB
    Driver:   32.0.101.6129
Initialize mono
Mono path[0] = 'C:/Program Files/Unity/Hub/Editor/2021.3.45f1/Editor/Data/Managed'
Mono path[1] = 'C:/Program Files/Unity/Hub/Editor/2021.3.45f1/Editor/Data/MonoBleedingEdge/lib/mono/unityjit-win32'
Mono config path = 'C:/Program Files/Unity/Hub/Editor/2021.3.45f1/Editor/Data/MonoBleedingEdge/etc'
Using monoOptions --debugger-agent=transport=dt_socket,embedding=1,server=y,suspend=n,address=127.0.0.1:56644
Begin MonoManager ReloadAssembly
Registering precompiled unity dll's ...
Register platform support module: C:/Program Files/Unity/Hub/Editor/2021.3.45f1/Editor/Data/PlaybackEngines/WindowsStandaloneSupport/UnityEditor.WindowsStandalone.Extensions.dll
Registered in 0.003076 seconds.
Native extension for WindowsStandalone target not found
Refreshing native plugins compatible for Editor in 30.93 ms, found 3 plugins.
Preloading 0 native plugins for Editor in 0.00 ms.
Mono: successfully reloaded assembly
- Completed reload, in  0.468 seconds
Domain Reload Profiling:
	ReloadAssembly (468ms)
		BeginReloadAssembly (85ms)
			ExecutionOrderSort (0ms)
			DisableScriptedObjects (0ms)
			BackupInstance (0ms)
			ReleaseScriptingObjects (0ms)
			CreateAndSetChildDomain (1ms)
		EndReloadAssembly (310ms)
			LoadAssemblies (83ms)
			RebuildTransferFunctionScriptingTraits (0ms)
			SetupTypeCache (81ms)
			ReleaseScriptCaches (0ms)
			RebuildScriptCaches (20ms)
			SetupLoadedEditorAssemblies (177ms)
				LogAssemblyErrors (0ms)
				InitializePlatformSupportModulesInManaged (6ms)
				SetLoadedEditorAssemblies (0ms)
				RefreshPlugins (31ms)
				BeforeProcessingInitializeOnLoad (1ms)
				ProcessInitializeOnLoadAttributes (102ms)
				ProcessInitializeOnLoadMethodAttributes (37ms)
				AfterProcessingInitializeOnLoad (0ms)
				EditorAssembliesLoaded (0ms)
			ExecutionOrderSort2 (0ms)
			AwakeInstancesAfterBackupRestoration (0ms)
Platform modules already initialized, skipping
Registering precompiled user dll's ...
Registered in 0.002920 seconds.
Begin MonoManager ReloadAssembly
Native extension for WindowsStandalone target not found
Refreshing native plugins compatible for Editor in 0.42 ms, found 3 plugins.
Preloading 0 native plugins for Editor in 0.00 ms.
Package Manager log level set to [2]
[Package Manager] Server::EnsureServerProcessIsRunning -- launch failed, reason: Unity was launched with the -noUpm command-line argument
[Package Manager] Cannot connect to Unity Package Manager local server
Mono: successfully reloaded assembly
- Completed reload, in  1.172 seconds
Domain Reload Profiling:
	ReloadAssembly (1173ms)
		BeginReloadAssembly (99ms)
			ExecutionOrderSort (0ms)
			DisableScriptedObjects (5ms)
			BackupInstance (0ms)
			ReleaseScriptingObjects (0ms)
			CreateAndSetChildDomain (16ms)
		EndReloadAssembly (997ms)
			LoadAssemblies (85ms)
			RebuildTransferFunctionScriptingTraits (0ms)
			SetupTypeCache (186ms)
			ReleaseScriptCaches (0ms)
			RebuildScriptCaches (51ms)
			SetupLoadedEditorAssemblies (657ms)
				LogAssemblyErrors (0ms)
				InitializePlatformSupportModulesInManaged (4ms)
				SetLoadedEditorAssemblies (0ms)
				RefreshPlugins (0ms)
				BeforeProcessingInitializeOnLoad (42ms)
				ProcessInitializeOnLoadAttributes (590ms)
				ProcessInitializeOnLoadMethodAttributes (16ms)
				AfterProcessingInitializeOnLoad (4ms)
				EditorAssembliesLoaded (0ms)
			ExecutionOrderSort2 (0ms)
			AwakeInstancesAfterBackupRestoration (5ms)
Platform modules already initialized, skipping
========================================================================
Worker process is ready to serve import requests
Launched and connected shader compiler UnityShaderCompiler.exe after 0.04 seconds
Refreshing native plugins compatible for Editor in 0.49 ms, found 3 plugins.
Preloading 0 native plugins for Editor in 0.00 ms.
Unloading 3081 Unused Serialized files (Serialized files now loaded: 0)
Unloading 24 unused Assets / (46.8 KB). Loaded Objects now: 3548.
Memory consumption went from 108.9 MB to 108.9 MB.
Total: 2.360400 ms (FindLiveObjects: 0.207300 ms CreateObjectMapping: 0.049100 ms MarkObjects: 2.023400 ms  DeleteObjects: 0.079200 ms)

AssetImportParameters requested are different than current active one (requested -> active):
  custom:video-decoder-ogg-theora: a1e56fd34408186e4bbccfd4996cb3dc -> 
  custom:container-muxer-webm: aa71ff27fc2769a1b78a27578f13a17b -> 
  custom:container-demuxer-webm: 4f35f7cbe854078d1ac9338744f61a02 -> 
  custom:video-encoder-webm-vp8: eb34c28f22e8b96e1ab97ce403110664 -> 
  custom:video-codec-MediaFoundation-h265: 746d11721c4dcdbdad8f713fa42b33f4 -> 
  custom:CustomObjectIndexerAttribute: bc11b3a6c3213fcdd17b65e7da85e133 -> 
  custom:audio-encoder-webm-vorbis: bf7c407c2cedff20999df2af8eb42d56 -> 
  custom:framework-win-MediaFoundation: 216162199b28c13a410421893ffa2e32 -> 
  custom:SearchIndexIgnoredProperties: e643bd26f0fe6173181afceb89e7c659 -> 
  custom:container-demuxer-ogg: 62fdf1f143b41e24485cea50d1cbac27 -> 
  custom:video-decoder-webm-vp8: 9c59270c3fd7afecdb556c50c9e8de78 -> 
  custom:audio-decoder-ogg-vorbis: bf7c407c2cedff20999df2af8eb42d56 -> 
========================================================================
Received Import Request.
  Time since last request: 13641.307189 seconds.
  path: Assets/Level1
  artifactKey: Guid(f2aaeac8d4803bd41b867848951587d9) Importer(815301076,1909f56bfc062723c751e8b465ee728b)
Number of updated assets reloaded before import = 0
Start importing Assets/Level1 using Guid(f2aaeac8d4803bd41b867848951587d9) Importer(815301076,1909f56bfc062723c751e8b465ee728b)  -> (artifact id: '370a92439d753b93670f508692878a6a') in 0.022701 seconds 
Number of asset objects unloaded after import = 0
========================================================================
Received Import Request.
  Time since last request: 7.870926 seconds.
  path: Assets/Level1/hallway.fbx
  artifactKey: Guid(dd6546e33cbe16e488e2d32adc2954a7) Importer(815301076,1909f56bfc062723c751e8b465ee728b)
Number of updated assets reloaded before import = 0
Start importing Assets/Level1/hallway.fbx using Guid(dd6546e33cbe16e488e2d32adc2954a7) Importer(815301076,1909f56bfc062723c751e8b465ee728b)  -> (artifact id: 'bcf882bd483c6726f9f650e62540e830') in 0.609633 seconds 
Number of asset objects unloaded after import = 290
========================================================================
Received Import Request.
  Time since last request: 8.115244 seconds.
  path: Assets/Level1/Scenes
  artifactKey: Guid(b828ca4d368bad1409d2f735a6adfd6c) Importer(815301076,1909f56bfc062723c751e8b465ee728b)
Number of updated assets reloaded before import = 0
Start importing Assets/Level1/Scenes using Guid(b828ca4d368bad1409d2f735a6adfd6c) Importer(815301076,1909f56bfc062723c751e8b465ee728b)  -> (artifact id: '82f3e2894fc84f11ebfe72c44790971f') in 0.021724 seconds 
Number of asset objects unloaded after import = 0
========================================================================
Received Import Request.
  Time since last request: 16.379284 seconds.
  path: Assets/Level1/Scenes/Level1 - Map.unity
  artifactKey: Guid(73aad95aa2eee5b44b42665ab0735030) Importer(815301076,1909f56bfc062723c751e8b465ee728b)
Number of updated assets reloaded before import = 0
Start importing Assets/Level1/Scenes/Level1 - Map.unity using Guid(73aad95aa2eee5b44b42665ab0735030) Importer(815301076,1909f56bfc062723c751e8b465ee728b)  -> (artifact id: 'd5679c11a6e2fa205c707988a6be9f5b') in 0.014689 seconds 
Number of asset objects unloaded after import = 0
========================================================================
Received Import Request.
  Time since last request: 71.961303 seconds.
  path: Assets/Level1/sf-hallway
  artifactKey: Guid(7399cab0cdc468740a4e29d1defae547) Importer(815301076,1909f56bfc062723c751e8b465ee728b)
Number of updated assets reloaded before import = 0
Start importing Assets/Level1/sf-hallway using Guid(7399cab0cdc468740a4e29d1defae547) Importer(815301076,1909f56bfc062723c751e8b465ee728b)  -> (artifact id: 'cbd4ec7f79af347128a9e24a897d7935') in 0.022611 seconds 
Number of asset objects unloaded after import = 0
========================================================================
Received Import Request.
  Time since last request: 1.166410 seconds.
  path: Assets/Level1/sf-hallway/source
  artifactKey: Guid(5ad69dee12f353045a5c94746ba48e4b) Importer(815301076,1909f56bfc062723c751e8b465ee728b)
Number of updated assets reloaded before import = 0
Start importing Assets/Level1/sf-hallway/source using Guid(5ad69dee12f353045a5c94746ba48e4b) Importer(815301076,1909f56bfc062723c751e8b465ee728b)  -> (artifact id: 'c332f2853f1902e26502ac0f1c7392b8') in 0.022909 seconds 
Number of asset objects unloaded after import = 0
========================================================================
Received Import Request.
  Time since last request: 0.068189 seconds.
  path: Assets/Level1/sf-hallway/source/hallway.fbx
  artifactKey: Guid(198c2deb0cbe3794385bd1268dccc698) Importer(815301076,1909f56bfc062723c751e8b465ee728b)
Number of updated assets reloaded before import = 0
Start importing Assets/Level1/sf-hallway/source/hallway.fbx using Guid(198c2deb0cbe3794385bd1268dccc698) Importer(815301076,1909f56bfc062723c751e8b465ee728b)  -> (artifact id: '86d2ca2bcfa4d4fb388b2a85858d2350') in 0.271469 seconds 
Number of asset objects unloaded after import = 290
========================================================================
Received Import Request.
  Time since last request: 31.300919 seconds.
  path: Assets/Level1/sf-hallway/textures
  artifactKey: Guid(aed6d0ed74d318d4f894fd83a9893ce0) Importer(815301076,1909f56bfc062723c751e8b465ee728b)
Number of updated assets reloaded before import = 0
Start importing Assets/Level1/sf-hallway/textures using Guid(aed6d0ed74d318d4f894fd83a9893ce0) Importer(815301076,1909f56bfc062723c751e8b465ee728b)  -> (artifact id: 'd1d7c2e2c5cebb37c85f6261e64f697d') in 0.019157 seconds 
Number of asset objects unloaded after import = 0
========================================================================
Received Import Request.
  Time since last request: 0.011600 seconds.
  path: Assets/Level1/sf-hallway/textures/black.png
  artifactKey: Guid(6e781077d45f5944882a06c4f1868e60) Importer(815301076,1909f56bfc062723c751e8b465ee728b)
Number of updated assets reloaded before import = 0
Start importing Assets/Level1/sf-hallway/textures/black.png using Guid(6e781077d45f5944882a06c4f1868e60) Importer(815301076,1909f56bfc062723c751e8b465ee728b)  -> (artifact id: 'aaa59c86bb39e18b0b5c94faa1d9d39c') in 0.043950 seconds 
Number of asset objects unloaded after import = 2
========================================================================
Received Import Request.
  Time since last request: 0.000023 seconds.
  path: Assets/Level1/sf-hallway/textures/white.png
  artifactKey: Guid(8498bd3bcb3d9a9499c0a986f2b2644d) Importer(815301076,1909f56bfc062723c751e8b465ee728b)
Number of updated assets reloaded before import = 0
Start importing Assets/Level1/sf-hallway/textures/white.png using Guid(8498bd3bcb3d9a9499c0a986f2b2644d) Importer(815301076,1909f56bfc062723c751e8b465ee728b)  -> (artifact id: '17c9734aa320e14aba7801bf807ec1d3') in 0.026087 seconds 
Number of asset objects unloaded after import = 2
========================================================================
Received Import Request.
  Time since last request: 19.722516 seconds.
  path: Assets/Level2/MountainTrack2/Models/Materials/Block_summer.mat
  artifactKey: Guid(a82de733ad8d1ec43abe36a0a1aa58f1) Importer(815301076,1909f56bfc062723c751e8b465ee728b)
Number of updated assets reloaded before import = 0
Start importing Assets/Level2/MountainTrack2/Models/Materials/Block_summer.mat using Guid(a82de733ad8d1ec43abe36a0a1aa58f1) Importer(815301076,1909f56bfc062723c751e8b465ee728b)  -> (artifact id: '9875847d8dba27bc8accaa62062f089b') in 0.030021 seconds 
Number of asset objects unloaded after import = 4
========================================================================
Received Import Request.
  Time since last request: 0.000036 seconds.
  path: Assets/Level2/MountainTrack2/Models/Materials/Ground_autumn.mat
  artifactKey: Guid(35574ee598f1c44419c1055602cf656c) Importer(815301076,1909f56bfc062723c751e8b465ee728b)
Number of updated assets reloaded before import = 0
Start importing Assets/Level2/MountainTrack2/Models/Materials/Ground_autumn.mat using Guid(35574ee598f1c44419c1055602cf656c) Importer(815301076,1909f56bfc062723c751e8b465ee728b)  -> (artifact id: 'c911a88d93907ef4bc9b693d89c6cd41') in 0.028320 seconds 
Number of asset objects unloaded after import = 3
========================================================================
Received Import Request.
  Time since last request: 0.000018 seconds.
  path: Assets/Level2/MountainTrack2/Models/Materials/RoadLight_beam.mat
  artifactKey: Guid(d068f5465659446bab5d8bb73612eda9) Importer(815301076,1909f56bfc062723c751e8b465ee728b)
Number of updated assets reloaded before import = 0
Start importing Assets/Level2/MountainTrack2/Models/Materials/RoadLight_beam.mat using Guid(d068f5465659446bab5d8bb73612eda9) Importer(815301076,1909f56bfc062723c751e8b465ee728b)  -> (artifact id: 'e6398cf3aa743243b166ac6af77d5f44') in 0.035205 seconds 
Number of asset objects unloaded after import = 2
========================================================================
Received Import Request.
  Time since last request: 0.000022 seconds.
  path: Assets/Level2/MountainTrack2/Models/Materials/RoadLight.mat
  artifactKey: Guid(d21941bf9c226e94bb271a7116e67945) Importer(815301076,1909f56bfc062723c751e8b465ee728b)
Number of updated assets reloaded before import = 0
Start importing Assets/Level2/MountainTrack2/Models/Materials/RoadLight.mat using Guid(d21941bf9c226e94bb271a7116e67945) Importer(815301076,1909f56bfc062723c751e8b465ee728b)  -> (artifact id: '52d3d858593bebb2b4bfefd3bd482a5b') in 0.022965 seconds 
Number of asset objects unloaded after import = 4
========================================================================
Received Import Request.
  Time since last request: 0.000023 seconds.
  path: Assets/Level2/MountainTrack2/Models/Materials/Road_winter.mat
  artifactKey: Guid(c2452e9e209451645a87e68af1474750) Importer(815301076,1909f56bfc062723c751e8b465ee728b)
Number of updated assets reloaded before import = 0
Start importing Assets/Level2/MountainTrack2/Models/Materials/Road_winter.mat using Guid(c2452e9e209451645a87e68af1474750) Importer(815301076,1909f56bfc062723c751e8b465ee728b)  -> (artifact id: '1294bef09f371e908f562f73496d91ba') in 0.025784 seconds 
Number of asset objects unloaded after import = 4
========================================================================
Received Import Request.
  Time since last request: 0.000022 seconds.
  path: Assets/Level2/MountainTrack2/Models/Materials/RoadClosedSign.mat
  artifactKey: Guid(e1214b57c9a2a4648865814065460b96) Importer(815301076,1909f56bfc062723c751e8b465ee728b)
Number of updated assets reloaded before import = 0
Start importing Assets/Level2/MountainTrack2/Models/Materials/RoadClosedSign.mat using Guid(e1214b57c9a2a4648865814065460b96) Importer(815301076,1909f56bfc062723c751e8b465ee728b)  -> (artifact id: 'a6afb7c1b27c6af87ce8ace5a1808260') in 0.033055 seconds 
Number of asset objects unloaded after import = 4
========================================================================
Received Import Request.
  Time since last request: 0.000039 seconds.
  path: Assets/Level2/MountainTrack2/Models/Materials/Bridge.mat
  artifactKey: Guid(1808c91a71f37e64eb556762feee346b) Importer(815301076,1909f56bfc062723c751e8b465ee728b)
Number of updated assets reloaded before import = 0
Start importing Assets/Level2/MountainTrack2/Models/Materials/Bridge.mat using Guid(1808c91a71f37e64eb556762feee346b) Importer(815301076,1909f56bfc062723c751e8b465ee728b)  -> (artifact id: 'e017f0f420118c61620d7de9807d0e34') in 0.027913 seconds 
Number of asset objects unloaded after import = 2
========================================================================
Received Import Request.
  Time since last request: 0.000043 seconds.
  path: Assets/Level2/MountainTrack2/Models/Materials/Road_summer.mat
  artifactKey: Guid(1069443f72e603d4eadace001d45579a) Importer(815301076,1909f56bfc062723c751e8b465ee728b)
Number of updated assets reloaded before import = 0
Start importing Assets/Level2/MountainTrack2/Models/Materials/Road_summer.mat using Guid(1069443f72e603d4eadace001d45579a) Importer(815301076,1909f56bfc062723c751e8b465ee728b)  -> (artifact id: '353b4ab538b7390b17473617e7637d9b') in 0.033665 seconds 
Number of asset objects unloaded after import = 4
========================================================================
Received Import Request.
  Time since last request: 0.616307 seconds.
  path: Assets/Level2/MountainTrack2/Models/FBX/Materials/RoadLight_beam.mat
  artifactKey: Guid(1d5e5ebc086b1435fa1974e37dee921e) Importer(815301076,1909f56bfc062723c751e8b465ee728b)
Number of updated assets reloaded before import = 0
Start importing Assets/Level2/MountainTrack2/Models/FBX/Materials/RoadLight_beam.mat using Guid(1d5e5ebc086b1435fa1974e37dee921e) Importer(815301076,1909f56bfc062723c751e8b465ee728b)  -> (artifact id: 'aa41ee3c223a325614f6bca185000509') in 0.021930 seconds 
Number of asset objects unloaded after import = 2
========================================================================
Received Import Request.
  Time since last request: 0.000016 seconds.
  path: Assets/Level2/MountainTrack2/Models/Materials/Sky_night.mat
  artifactKey: Guid(da040f20d34754436bfadc324bdfe263) Importer(815301076,1909f56bfc062723c751e8b465ee728b)
Number of updated assets reloaded before import = 0
Start importing Assets/Level2/MountainTrack2/Models/Materials/Sky_night.mat using Guid(da040f20d34754436bfadc324bdfe263) Importer(815301076,1909f56bfc062723c751e8b465ee728b)  -> (artifact id: '0f72c55693cfb134f34b5c517d797af1') in 0.027479 seconds 
Number of asset objects unloaded after import = 1
========================================================================
Received Import Request.
  Time since last request: 0.000017 seconds.
  path: Assets/Level2/MountainTrack2/Models/Materials/Tree_01_winter.mat
  artifactKey: Guid(24e99f41a638a9e4cb71c2fb4b93b766) Importer(815301076,1909f56bfc062723c751e8b465ee728b)
Number of updated assets reloaded before import = 0
Start importing Assets/Level2/MountainTrack2/Models/Materials/Tree_01_winter.mat using Guid(24e99f41a638a9e4cb71c2fb4b93b766) Importer(815301076,1909f56bfc062723c751e8b465ee728b)  -> (artifact id: 'd34b5a651057172074fa3658c5deff79') in 0.022521 seconds 
Number of asset objects unloaded after import = 2
========================================================================
Received Import Request.
  Time since last request: 0.000024 seconds.
  path: Assets/Level2/MountainTrack2/Models/Materials/Tree_02_autumn.mat
  artifactKey: Guid(a3f88406fc8f9404ca3e2c6e502749a3) Importer(815301076,1909f56bfc062723c751e8b465ee728b)
Number of updated assets reloaded before import = 0
Start importing Assets/Level2/MountainTrack2/Models/Materials/Tree_02_autumn.mat using Guid(a3f88406fc8f9404ca3e2c6e502749a3) Importer(815301076,1909f56bfc062723c751e8b465ee728b)  -> (artifact id: 'da7c829e948e5929fa430431d62d7de2') in 0.025067 seconds 
Number of asset objects unloaded after import = 2
========================================================================
Received Import Request.
  Time since last request: 0.000018 seconds.
  path: Assets/Level2/MountainTrack2/Models/Materials/Tree_03_summer.mat
  artifactKey: Guid(9284dcc5f12601440ac5d47bd46f728f) Importer(815301076,1909f56bfc062723c751e8b465ee728b)
Number of updated assets reloaded before import = 0
Start importing Assets/Level2/MountainTrack2/Models/Materials/Tree_03_summer.mat using Guid(9284dcc5f12601440ac5d47bd46f728f) Importer(815301076,1909f56bfc062723c751e8b465ee728b)  -> (artifact id: 'dbaa83d8336095c221d478d951402a43') in 0.023040 seconds 
Number of asset objects unloaded after import = 2
========================================================================
Received Import Request.
  Time since last request: 0.000028 seconds.
  path: Assets/Level2/MountainTrack2/Models/Materials/Tree_02_winter.mat
  artifactKey: Guid(c775624310cc54844b197a4e78ebc2a6) Importer(815301076,1909f56bfc062723c751e8b465ee728b)
Number of updated assets reloaded before import = 0
Start importing Assets/Level2/MountainTrack2/Models/Materials/Tree_02_winter.mat using Guid(c775624310cc54844b197a4e78ebc2a6) Importer(815301076,1909f56bfc062723c751e8b465ee728b)  -> (artifact id: '1102891dd7d88c6f6be57036bb9fcee8') in 0.025176 seconds 
Number of asset objects unloaded after import = 2
========================================================================
Received Import Request.
  Time since last request: 0.273814 seconds.
  path: Assets/Level2/MountainTrack2/Models/Materials/Tree_03_winter.mat
  artifactKey: Guid(eac3f34970e595749a4768a7ae018e25) Importer(815301076,1909f56bfc062723c751e8b465ee728b)
Number of updated assets reloaded before import = 0
Start importing Assets/Level2/MountainTrack2/Models/Materials/Tree_03_winter.mat using Guid(eac3f34970e595749a4768a7ae018e25) Importer(815301076,1909f56bfc062723c751e8b465ee728b)  -> (artifact id: 'b028f8d34594824f15cc631fc10e09c0') in 0.020155 seconds 
Number of asset objects unloaded after import = 2
========================================================================
Received Import Request.
  Time since last request: 0.025454 seconds.
  path: Assets/Level2/MountainTrack2/Models/Materials/Tree_04_winter.mat
  artifactKey: Guid(8f361141090e7734d8bee0ee69516051) Importer(815301076,1909f56bfc062723c751e8b465ee728b)
Number of updated assets reloaded before import = 0
Start importing Assets/Level2/MountainTrack2/Models/Materials/Tree_04_winter.mat using Guid(8f361141090e7734d8bee0ee69516051) Importer(815301076,1909f56bfc062723c751e8b465ee728b)  -> (artifact id: '801ffe5b5575a9603017baf60737ac21') in 0.025994 seconds 
Number of asset objects unloaded after import = 2
========================================================================
Received Import Request.
  Time since last request: 0.000017 seconds.
  path: Assets/Level2/MountainTrack2/Models/Materials/TunnelLamps.mat
  artifactKey: Guid(8d3566c713fbc0949bb6b645c275fd88) Importer(815301076,1909f56bfc062723c751e8b465ee728b)
Number of updated assets reloaded before import = 0
Start importing Assets/Level2/MountainTrack2/Models/Materials/TunnelLamps.mat using Guid(8d3566c713fbc0949bb6b645c275fd88) Importer(815301076,1909f56bfc062723c751e8b465ee728b)  -> (artifact id: '5eee26e1f7f70f78d559dec79e74d0a4') in 0.018642 seconds 
Number of asset objects unloaded after import = 1
========================================================================
Received Import Request.
  Time since last request: 0.030651 seconds.
  path: Assets/Level2/MountainTrack2/Models/Materials/TurnSign.mat
  artifactKey: Guid(023d2b4bbf203924bbc3ff023add7629) Importer(815301076,1909f56bfc062723c751e8b465ee728b)
Number of updated assets reloaded before import = 0
Start importing Assets/Level2/MountainTrack2/Models/Materials/TurnSign.mat using Guid(023d2b4bbf203924bbc3ff023add7629) Importer(815301076,1909f56bfc062723c751e8b465ee728b)  -> (artifact id: 'f4e8c5a72a77841d153dcc1ad048b512') in 0.031812 seconds 
Number of asset objects unloaded after import = 4
========================================================================
Received Prepare
Registering precompiled user dll's ...
Registered in 0.002863 seconds.
Begin MonoManager ReloadAssembly
Native extension for WindowsStandalone target not found
Refreshing native plugins compatible for Editor in 0.48 ms, found 3 plugins.
Preloading 0 native plugins for Editor in 0.00 ms.
[Package Manager] Server::EnsureServerProcessIsRunning -- launch failed, reason: Unity was launched with the -noUpm command-line argument
[Package Manager] Cannot connect to Unity Package Manager local server
Mono: successfully reloaded assembly
- Completed reload, in  1.135 seconds
Domain Reload Profiling:
	ReloadAssembly (1136ms)
		BeginReloadAssembly (131ms)
			ExecutionOrderSort (0ms)
			DisableScriptedObjects (3ms)
			BackupInstance (0ms)
			ReleaseScriptingObjects (0ms)
			CreateAndSetChildDomain (33ms)
		EndReloadAssembly (926ms)
			LoadAssemblies (82ms)
			RebuildTransferFunctionScriptingTraits (0ms)
			SetupTypeCache (190ms)
			ReleaseScriptCaches (1ms)
			RebuildScriptCaches (33ms)
			SetupLoadedEditorAssemblies (613ms)
				LogAssemblyErrors (0ms)
				InitializePlatformSupportModulesInManaged (4ms)
				SetLoadedEditorAssemblies (0ms)
				RefreshPlugins (1ms)
				BeforeProcessingInitializeOnLoad (34ms)
				ProcessInitializeOnLoadAttributes (555ms)
				ProcessInitializeOnLoadMethodAttributes (15ms)
				AfterProcessingInitializeOnLoad (4ms)
				EditorAssembliesLoaded (0ms)
			ExecutionOrderSort2 (0ms)
			AwakeInstancesAfterBackupRestoration (6ms)
Platform modules already initialized, skipping
Refreshing native plugins compatible for Editor in 0.47 ms, found 3 plugins.
Preloading 0 native plugins for Editor in 0.00 ms.
Unloading 3075 Unused Serialized files (Serialized files now loaded: 0)
Unloading 19 unused Assets / (21.9 KB). Loaded Objects now: 3601.
Memory consumption went from 114.0 MB to 114.0 MB.
Total: 2.434000 ms (FindLiveObjects: 0.223200 ms CreateObjectMapping: 0.050300 ms MarkObjects: 2.137000 ms  DeleteObjects: 0.021800 ms)

AssetImportParameters requested are different than current active one (requested -> active):
  custom:video-decoder-ogg-theora: a1e56fd34408186e4bbccfd4996cb3dc -> 
  custom:container-muxer-webm: aa71ff27fc2769a1b78a27578f13a17b -> 
  custom:container-demuxer-webm: 4f35f7cbe854078d1ac9338744f61a02 -> 
  custom:video-encoder-webm-vp8: eb34c28f22e8b96e1ab97ce403110664 -> 
  custom:video-codec-MediaFoundation-h265: 746d11721c4dcdbdad8f713fa42b33f4 -> 
  custom:CustomObjectIndexerAttribute: bc11b3a6c3213fcdd17b65e7da85e133 -> 
  custom:audio-encoder-webm-vorbis: bf7c407c2cedff20999df2af8eb42d56 -> 
  custom:framework-win-MediaFoundation: 216162199b28c13a410421893ffa2e32 -> 
  custom:SearchIndexIgnoredProperties: e643bd26f0fe6173181afceb89e7c659 -> 
  custom:container-demuxer-ogg: 62fdf1f143b41e24485cea50d1cbac27 -> 
  custom:video-decoder-webm-vp8: 9c59270c3fd7afecdb556c50c9e8de78 -> 
  custom:audio-decoder-ogg-vorbis: bf7c407c2cedff20999df2af8eb42d56 -> 
========================================================================
Received Prepare
Registering precompiled user dll's ...
Registered in 0.003447 seconds.
Begin MonoManager ReloadAssembly
Native extension for WindowsStandalone target not found
Refreshing native plugins compatible for Editor in 0.46 ms, found 3 plugins.
Preloading 0 native plugins for Editor in 0.00 ms.
[Package Manager] Server::EnsureServerProcessIsRunning -- launch failed, reason: Unity was launched with the -noUpm command-line argument
[Package Manager] Cannot connect to Unity Package Manager local server
Mono: successfully reloaded assembly
- Completed reload, in  1.187 seconds
Domain Reload Profiling:
	ReloadAssembly (1187ms)
		BeginReloadAssembly (141ms)
			ExecutionOrderSort (0ms)
			DisableScriptedObjects (3ms)
			BackupInstance (0ms)
			ReleaseScriptingObjects (0ms)
			CreateAndSetChildDomain (29ms)
		EndReloadAssembly (943ms)
			LoadAssemblies (103ms)
			RebuildTransferFunctionScriptingTraits (0ms)
			SetupTypeCache (193ms)
			ReleaseScriptCaches (1ms)
			RebuildScriptCaches (38ms)
			SetupLoadedEditorAssemblies (618ms)
				LogAssemblyErrors (0ms)
				InitializePlatformSupportModulesInManaged (4ms)
				SetLoadedEditorAssemblies (0ms)
				RefreshPlugins (1ms)
				BeforeProcessingInitializeOnLoad (34ms)
				ProcessInitializeOnLoadAttributes (557ms)
				ProcessInitializeOnLoadMethodAttributes (17ms)
				AfterProcessingInitializeOnLoad (4ms)
				EditorAssembliesLoaded (0ms)
			ExecutionOrderSort2 (0ms)
			AwakeInstancesAfterBackupRestoration (5ms)
Platform modules already initialized, skipping
Refreshing native plugins compatible for Editor in 0.46 ms, found 3 plugins.
Preloading 0 native plugins for Editor in 0.00 ms.
Unloading 3075 Unused Serialized files (Serialized files now loaded: 0)
Unloading 19 unused Assets / (22.0 KB). Loaded Objects now: 3604.
Memory consumption went from 114.0 MB to 114.0 MB.
Total: 2.131600 ms (FindLiveObjects: 0.205700 ms CreateObjectMapping: 0.049700 ms MarkObjects: 1.858600 ms  DeleteObjects: 0.016400 ms)

AssetImportParameters requested are different than current active one (requested -> active):
  custom:video-decoder-ogg-theora: a1e56fd34408186e4bbccfd4996cb3dc -> 
  custom:container-muxer-webm: aa71ff27fc2769a1b78a27578f13a17b -> 
  custom:container-demuxer-webm: 4f35f7cbe854078d1ac9338744f61a02 -> 
  custom:video-encoder-webm-vp8: eb34c28f22e8b96e1ab97ce403110664 -> 
  custom:video-codec-MediaFoundation-h265: 746d11721c4dcdbdad8f713fa42b33f4 -> 
  custom:CustomObjectIndexerAttribute: bc11b3a6c3213fcdd17b65e7da85e133 -> 
  custom:audio-encoder-webm-vorbis: bf7c407c2cedff20999df2af8eb42d56 -> 
  custom:framework-win-MediaFoundation: 216162199b28c13a410421893ffa2e32 -> 
  custom:SearchIndexIgnoredProperties: e643bd26f0fe6173181afceb89e7c659 -> 
  custom:container-demuxer-ogg: 62fdf1f143b41e24485cea50d1cbac27 -> 
  custom:video-decoder-webm-vp8: 9c59270c3fd7afecdb556c50c9e8de78 -> 
  custom:audio-decoder-ogg-vorbis: bf7c407c2cedff20999df2af8eb42d56 -> 
========================================================================
Received Prepare
Registering precompiled user dll's ...
Registered in 0.006575 seconds.
Begin MonoManager ReloadAssembly
Native extension for WindowsStandalone target not found
Refreshing native plugins compatible for Editor in 0.48 ms, found 3 plugins.
Preloading 0 native plugins for Editor in 0.00 ms.
[Package Manager] Server::EnsureServerProcessIsRunning -- launch failed, reason: Unity was launched with the -noUpm command-line argument
[Package Manager] Cannot connect to Unity Package Manager local server
Mono: successfully reloaded assembly
- Completed reload, in  1.527 seconds
Domain Reload Profiling:
	ReloadAssembly (1528ms)
		BeginReloadAssembly (200ms)
			ExecutionOrderSort (0ms)
			DisableScriptedObjects (5ms)
			BackupInstance (0ms)
			ReleaseScriptingObjects (0ms)
			CreateAndSetChildDomain (47ms)
		EndReloadAssembly (1232ms)
			LoadAssemblies (123ms)
			RebuildTransferFunctionScriptingTraits (0ms)
			SetupTypeCache (324ms)
			ReleaseScriptCaches (2ms)
			RebuildScriptCaches (45ms)
			SetupLoadedEditorAssemblies (745ms)
				LogAssemblyErrors (0ms)
				InitializePlatformSupportModulesInManaged (5ms)
				SetLoadedEditorAssemblies (0ms)
				RefreshPlugins (1ms)
				BeforeProcessingInitializeOnLoad (50ms)
				ProcessInitializeOnLoadAttributes (660ms)
				ProcessInitializeOnLoadMethodAttributes (22ms)
				AfterProcessingInitializeOnLoad (7ms)
				EditorAssembliesLoaded (0ms)
			ExecutionOrderSort2 (0ms)
			AwakeInstancesAfterBackupRestoration (7ms)
Platform modules already initialized, skipping
Refreshing native plugins compatible for Editor in 0.45 ms, found 3 plugins.
Preloading 0 native plugins for Editor in 0.00 ms.
Unloading 3075 Unused Serialized files (Serialized files now loaded: 0)
Unloading 19 unused Assets / (21.9 KB). Loaded Objects now: 3607.
Memory consumption went from 114.0 MB to 114.0 MB.
Total: 2.173000 ms (FindLiveObjects: 0.207700 ms CreateObjectMapping: 0.047600 ms MarkObjects: 1.897200 ms  DeleteObjects: 0.019000 ms)

AssetImportParameters requested are different than current active one (requested -> active):
  custom:video-decoder-ogg-theora: a1e56fd34408186e4bbccfd4996cb3dc -> 
  custom:container-muxer-webm: aa71ff27fc2769a1b78a27578f13a17b -> 
  custom:container-demuxer-webm: 4f35f7cbe854078d1ac9338744f61a02 -> 
  custom:video-encoder-webm-vp8: eb34c28f22e8b96e1ab97ce403110664 -> 
  custom:video-codec-MediaFoundation-h265: 746d11721c4dcdbdad8f713fa42b33f4 -> 
  custom:CustomObjectIndexerAttribute: bc11b3a6c3213fcdd17b65e7da85e133 -> 
  custom:audio-encoder-webm-vorbis: bf7c407c2cedff20999df2af8eb42d56 -> 
  custom:framework-win-MediaFoundation: 216162199b28c13a410421893ffa2e32 -> 
  custom:SearchIndexIgnoredProperties: e643bd26f0fe6173181afceb89e7c659 -> 
  custom:container-demuxer-ogg: 62fdf1f143b41e24485cea50d1cbac27 -> 
  custom:video-decoder-webm-vp8: 9c59270c3fd7afecdb556c50c9e8de78 -> 
  custom:audio-decoder-ogg-vorbis: bf7c407c2cedff20999df2af8eb42d56 -> 
========================================================================
Received Import Request.
  Time since last request: 3085.942498 seconds.
  path: Assets/Level1/RobotSphere/Assets/Models/Materials/eye_matAi.mat
  artifactKey: Guid(f5da68cd484f44ced9e11ab1ad6a9c1a) Importer(815301076,1909f56bfc062723c751e8b465ee728b)
Number of updated assets reloaded before import = 0
Start importing Assets/Level1/RobotSphere/Assets/Models/Materials/eye_matAi.mat using Guid(f5da68cd484f44ced9e11ab1ad6a9c1a) Importer(815301076,1909f56bfc062723c751e8b465ee728b)  -> (artifact id: 'f56d221e4b110b38ddbf642a78a09580') in 0.101180 seconds 
Number of asset objects unloaded after import = 1
========================================================================
Received Import Request.
  Time since last request: 1905.017345 seconds.
  path: Assets/Level1/New Material 2.mat
  artifactKey: Guid(da4c0bccf48699d4f8898758ccbb98f0) Importer(815301076,1909f56bfc062723c751e8b465ee728b)
Number of updated assets reloaded before import = 0
Start importing Assets/Level1/New Material 2.mat using Guid(da4c0bccf48699d4f8898758ccbb98f0) Importer(815301076,1909f56bfc062723c751e8b465ee728b)  -> (artifact id: 'd1b407398f559b1ddc82b014593a4742') in 0.031358 seconds 
Number of asset objects unloaded after import = 1
========================================================================
Received Import Request.
  Time since last request: 5088.027603 seconds.
  path: Assets/Mine/Example/Example/Lightmap-0_comp_light.exr
  artifactKey: Guid(9139010e83bbff345b978df77a9eef02) Importer(815301076,1909f56bfc062723c751e8b465ee728b)
Number of updated assets reloaded before import = 0
Start importing Assets/Mine/Example/Example/Lightmap-0_comp_light.exr using Guid(9139010e83bbff345b978df77a9eef02) Importer(815301076,1909f56bfc062723c751e8b465ee728b)  -> (artifact id: '8fc044c582a5cde1b52c267d8997900b') in 0.204768 seconds 
Number of asset objects unloaded after import = 2
========================================================================
Received Import Request.
  Time since last request: 0.000095 seconds.
  path: Assets/Mine/Example/Example/Lightmap-2_comp_light.exr
  artifactKey: Guid(631949b22e3be324299b8adf56a95eba) Importer(815301076,1909f56bfc062723c751e8b465ee728b)
Number of updated assets reloaded before import = 0
Start importing Assets/Mine/Example/Example/Lightmap-2_comp_light.exr using Guid(631949b22e3be324299b8adf56a95eba) Importer(815301076,1909f56bfc062723c751e8b465ee728b)  -> (artifact id: 'fd7a24b3922d4b7bb1379f592d36dc05') in 0.068877 seconds 
Number of asset objects unloaded after import = 2
========================================================================
Received Import Request.
  Time since last request: 0.000044 seconds.
  path: Assets/Mine/Example/Example/ReflectionProbe-3.exr
  artifactKey: Guid(e63b873ac9dd2a241a52b2b6fc97379e) Importer(815301076,1909f56bfc062723c751e8b465ee728b)
Number of updated assets reloaded before import = 0
Start importing Assets/Mine/Example/Example/ReflectionProbe-3.exr using Guid(e63b873ac9dd2a241a52b2b6fc97379e) Importer(815301076,1909f56bfc062723c751e8b465ee728b)  -> (artifact id: 'cf61039624dba9b7336d82675fd745b6') in 0.046948 seconds 
Number of asset objects unloaded after import = 1
========================================================================
Received Import Request.
  Time since last request: 0.000021 seconds.
  path: Assets/Mine/Example/Example/ReflectionProbe-6.exr
  artifactKey: Guid(13d0c0ac2a295c44ba84909e1e1c30cc) Importer(815301076,1909f56bfc062723c751e8b465ee728b)
Number of updated assets reloaded before import = 0
Start importing Assets/Mine/Example/Example/ReflectionProbe-6.exr using Guid(13d0c0ac2a295c44ba84909e1e1c30cc) Importer(815301076,1909f56bfc062723c751e8b465ee728b)  -> (artifact id: '6668ada6538fa275036ced108a8ed395') in 0.034854 seconds 
Number of asset objects unloaded after import = 1
========================================================================
Received Import Request.
  Time since last request: 0.000024 seconds.
  path: Assets/Mine/Example/Example/Lightmap-5_comp_light.exr
  artifactKey: Guid(c9cd6cd8b7bd6014f9ef1115ed83d250) Importer(815301076,1909f56bfc062723c751e8b465ee728b)
Number of updated assets reloaded before import = 0
Start importing Assets/Mine/Example/Example/Lightmap-5_comp_light.exr using Guid(c9cd6cd8b7bd6014f9ef1115ed83d250) Importer(815301076,1909f56bfc062723c751e8b465ee728b)  -> (artifact id: 'd12b2154ce4c8c40b35ea327fe436d0d') in 0.086101 seconds 
Number of asset objects unloaded after import = 2
========================================================================
Received Import Request.
  Time since last request: 0.000033 seconds.
  path: Assets/Mine/Example/Example/ReflectionProbe-1.exr
  artifactKey: Guid(7674beae3cfd8aa488af25427338db17) Importer(815301076,1909f56bfc062723c751e8b465ee728b)
Number of updated assets reloaded before import = 0
Start importing Assets/Mine/Example/Example/ReflectionProbe-1.exr using Guid(7674beae3cfd8aa488af25427338db17) Importer(815301076,1909f56bfc062723c751e8b465ee728b)  -> (artifact id: 'bc66640ebd374fe758f33220551726d5') in 0.028811 seconds 
Number of asset objects unloaded after import = 1
========================================================================
Received Import Request.
  Time since last request: 0.000023 seconds.
  path: Assets/Mine/Example/Example/Lightmap-4_comp_light.exr
  artifactKey: Guid(ca6d007122e617c40842623ec97963f7) Importer(815301076,1909f56bfc062723c751e8b465ee728b)
Number of updated assets reloaded before import = 0
Start importing Assets/Mine/Example/Example/Lightmap-4_comp_light.exr using Guid(ca6d007122e617c40842623ec97963f7) Importer(815301076,1909f56bfc062723c751e8b465ee728b)  -> (artifact id: 'bb5bb3b9a2c4837d5a92219a190b05aa') in 0.066161 seconds 
Number of asset objects unloaded after import = 2
========================================================================
Received Import Request.
  Time since last request: 0.000029 seconds.
  path: Assets/Mine/Example/Example/Lightmap-2_comp_dir.png
  artifactKey: Guid(71032f55fc10b5842872c2d73303de4d) Importer(815301076,1909f56bfc062723c751e8b465ee728b)
Number of updated assets reloaded before import = 0
Start importing Assets/Mine/Example/Example/Lightmap-2_comp_dir.png using Guid(71032f55fc10b5842872c2d73303de4d) Importer(815301076,1909f56bfc062723c751e8b465ee728b)  -> (artifact id: 'd097df793c9d27d9e0245b429e5c1e7e') in 0.048606 seconds 
Number of asset objects unloaded after import = 2
========================================================================
Received Import Request.
  Time since last request: 0.000358 seconds.
  path: Assets/Mine/Example/Example/ReflectionProbe-2.exr
  artifactKey: Guid(b85406abe4128c24d88ea0de195ac1e9) Importer(815301076,1909f56bfc062723c751e8b465ee728b)
Number of updated assets reloaded before import = 0
Start importing Assets/Mine/Example/Example/ReflectionProbe-2.exr using Guid(b85406abe4128c24d88ea0de195ac1e9) Importer(815301076,1909f56bfc062723c751e8b465ee728b)  -> (artifact id: '5c72c1a4781cc7d4c458e1e3e51125e5') in 0.040922 seconds 
Number of asset objects unloaded after import = 1
========================================================================
Received Import Request.
  Time since last request: 4.205341 seconds.
  path: Assets/Mine/Effects/Fire.mat
  artifactKey: Guid(ac1fc45bee1d98f4a850739858bd1d68) Importer(815301076,1909f56bfc062723c751e8b465ee728b)
Number of updated assets reloaded before import = 0
Start importing Assets/Mine/Effects/Fire.mat using Guid(ac1fc45bee1d98f4a850739858bd1d68) Importer(815301076,1909f56bfc062723c751e8b465ee728b)  -> (artifact id: '08ea4a161d9827c03bfe0349e04ba168') in 0.058809 seconds 
Number of asset objects unloaded after import = 2
========================================================================
Received Import Request.
  Time since last request: 0.000023 seconds.
  path: Assets/Mine/Effects/red ore reflection.png
  artifactKey: Guid(8058622f3252ae24f8635bb138d7569e) Importer(815301076,1909f56bfc062723c751e8b465ee728b)
Number of updated assets reloaded before import = 0
Start importing Assets/Mine/Effects/red ore reflection.png using Guid(8058622f3252ae24f8635bb138d7569e) Importer(815301076,1909f56bfc062723c751e8b465ee728b)  -> (artifact id: 'beddbd46e3bc5b4d96611426de7a446a') in 0.024713 seconds 
Number of asset objects unloaded after import = 1
Editor requested this worker to shutdown with reason: Scaling down because of idle timeout
AssetImportWorker is now disconnected from the server
Process exiting
Exiting without the bug reporter. Application will terminate with return code 0